<?xml version="1.0" encoding="UTF-8"?>
<!-- Generated by org.testng.reporters.JUnitReportReporter -->
<testsuite skipped="0" hostname="MacBook-Pro-2.local" name="com.shiftedtech.September01.GoogleTest" tests="1" failures="0" timestamp="16 Sep 2018 03:08:46 GMT" time="4.820" errors="0">
  <testcase name="test01" time="4.820" classname="com.shiftedtech.September01.GoogleTest"/>
</testsuite> <!-- com.shiftedtech.September01.GoogleTest -->
